生成启动时间为 2021/6/8 21:04:35。
     1>项目“F:\Class\Window_api\作业使用\28\28\28.vcxproj”在节点 2 上(Build 个目标)。
     1>ClCompile:
         D:\Visio\VC\bin\CL.exe /c /ZI /nologo /W3 /WX- /sdl /Od /Oy- /D WIN32 /D _WINDOWS /D _DEBUG /D _UNICODE /D UNICODE /D _AFXDLL /Gm /EHsc /RTC1 /MDd /GS /fp:precise /Zc:wchar_t /Zc:forScope /Yu"stdafx.h" /Fp"Debug\28.pch" /Fo"Debug\\" /Fd"Debug\vc120.pdb" /Gd /TP /analyze- /errorReport:prompt MTdialog_1.cpp MTdialog_2.cpp
         MTdialog_2.cpp
         MTdialog_1.cpp
         正在生成代码...
       Link:
         D:\Visio\VC\bin\link.exe /ERRORREPORT:PROMPT /OUT:"F:\Class\Window_api\作业使用\28\Debug\28.exe" /INCREMENTAL /NOLOGO /MANIFEST /MANIFESTUAC:"level='asInvoker' uiAccess='false'" /manifest:embed /manifestinput:D:\Visio\VC\Include\Manifest\dpiaware.manifest /DEBUG /PDB:"F:\Class\Window_api\作业使用\28\Debug\28.pdb" /SUBSYSTEM:WINDOWS /TLBID:1 /ENTRY:"wWinMainCRTStartup" /DYNAMICBASE /NXCOMPAT /IMPLIB:"F:\Class\Window_api\作业使用\28\Debug\28.lib" /MACHINE:X86 Debug\28.res
         Debug\28.obj
         Debug\28Dlg.obj
         Debug\FMTdialog.obj
         Debug\MTdialog.obj
         Debug\MTdialog_1.obj
         Debug\MTdialog_2.obj
         Debug\stdafx.obj
         28.vcxproj -> F:\Class\Window_api\作业使用\28\Debug\28.exe
     1>已完成生成项目“F:\Class\Window_api\作业使用\28\28\28.vcxproj”(Build 个目标)的操作。

生成成功。

已用时间 00:00:00.53
