生成启动时间为 2021/6/7 11:01:16。
     1>项目“F:\Class\Window_api\3\MFC28\MFC28\MFC28.vcxproj”在节点 2 上(Build 个目标)。
     1>ClCompile:
         D:\Visio\VC\bin\CL.exe /c /ZI /nologo /W3 /WX- /sdl /Od /Oy- /D WIN32 /D _WINDOWS /D _DEBUG /D _UNICODE /D UNICODE /D _AFXDLL /Gm /EHsc /RTC1 /MDd /GS /fp:precise /Zc:wchar_t /Zc:forScope /Yu"stdafx.h" /Fp"Debug\MFC28.pch" /Fo"Debug\\" /Fd"Debug\vc120.pdb" /Gd /TP /analyze- /errorReport:prompt FMTDialog.cpp MFC28.cpp MFC28Dlg.cpp
         FMTDialog.cpp
         正在生成代码...
         正在跳过...(未检测到相关更改)
         MFC28Dlg.cpp
         MFC28.cpp
       Link:
         D:\Visio\VC\bin\link.exe /ERRORREPORT:PROMPT /OUT:"F:\Class\Window_api\3\MFC28\Debug\MFC28.exe" /INCREMENTAL /NOLOGO /MANIFEST /MANIFESTUAC:"level='asInvoker' uiAccess='false'" /manifest:embed /manifestinput:D:\Visio\VC\Include\Manifest\dpiaware.manifest /DEBUG /PDB:"F:\Class\Window_api\3\MFC28\Debug\MFC28.pdb" /SUBSYSTEM:WINDOWS /TLBID:1 /ENTRY:"wWinMainCRTStartup" /DYNAMICBASE /NXCOMPAT /IMPLIB:"F:\Class\Window_api\3\MFC28\Debug\MFC28.lib" /MACHINE:X86 Debug\MFC28.res
         Debug\Dialog_1.obj
         Debug\FMTDialog.obj
         Debug\MFC28.obj
         Debug\MFC28Dlg.obj
         Debug\stdafx.obj
         MFC28.vcxproj -> F:\Class\Window_api\3\MFC28\Debug\MFC28.exe
     1>已完成生成项目“F:\Class\Window_api\3\MFC28\MFC28\MFC28.vcxproj”(Build 个目标)的操作。

生成成功。

已用时间 00:00:01.15
